Base path: C:/Program Files (x86)/Unity/Editor/Data
Pipe name: \\.\pipe\UnityShaderCompiler-1-7512
Cmd: getPlatforms
Cmd: preprocess
  insize=8444 outsize=2136 ok=1
Cmd: compileSnippet
  error: 2 plat 4 at (31): undeclared identifier 'UnityObjectToClipPos'
  api=4 type=0 insize=6535 outsize=0 kw= ok=0
Cmd: preprocess
  insize=11047 outsize=746 ok=1
Cmd: compileSnippet
  error: 2 plat 4 at (281): undeclared identifier 'UnityObjectToClipPos'
  api=4 type=0 insize=10528 outsize=0 kw= ok=0
Cmd: preprocess
  insize=1146 outsize=492 ok=1
Cmd: compileSnippet
  error: 2 plat 4 at (25): undeclared identifier 'UnityObjectToClipPos'
  api=4 type=0 insize=955 outsize=0 kw= ok=0
Cmd: preprocess
  insize=9665 outsize=884 ok=1
Cmd: compileSnippet
  error: 2 plat 4 at (43): undeclared identifier 'UnityObjectToClipPos'
  api=4 type=0 insize=8990 outsize=0 kw= ok=0
Cmd: preprocess
  insize=1707 outsize=417 ok=1
Cmd: compileSnippet
  error: 2 plat 4 at (37): undeclared identifier 'UnityObjectToClipPos'
  api=4 type=0 insize=1591 outsize=0 kw= ok=0
Cmd: preprocess
  insize=927 outsize=414 ok=1
Cmd: compileSnippet
  error: 2 plat 4 at (23): undeclared identifier 'UnityObjectToClipPos'
  api=4 type=0 insize=819 outsize=0 kw= ok=0
Cmd: preprocess
  insize=1009 outsize=373 ok=1
Cmd: compileSnippet
  error: 2 plat 4 at (26): undeclared identifier 'UnityObjectToClipPos'
  api=4 type=0 insize=942 outsize=0 kw= ok=0
Cmd: preprocess
  insize=1923 outsize=467 ok=1
Cmd: compileSnippet
  api=4 type=0 insize=1758 outsize=1128 kw= ok=1
Cmd: compileSnippet
  api=4 type=1 insize=1758 outsize=1688 kw= ok=1
Cmd: preprocess
  insize=1324 outsize=471 ok=1
Cmd: compileSnippet
  error: 2 plat 4 at (28): undeclared identifier 'UnityObjectToClipPos'
  api=4 type=0 insize=1159 outsize=0 kw= ok=0
Cmd: preprocess
  insize=3604 outsize=724 ok=1
Cmd: compileSnippet
  error: 2 plat 4 at (26): undeclared identifier 'UnityObjectToClipPos'
  api=4 type=0 insize=3153 outsize=0 kw= ok=0
Cmd: preprocess
  insize=1247 outsize=468 ok=1
Cmd: compileSnippet
  error: 2 plat 4 at (24): undeclared identifier 'UnityObjectToClipPos'
  api=4 type=0 insize=1085 outsize=0 kw= ok=0
Cmd: preprocess
  insize=6592 outsize=864 ok=1
Cmd: compileSnippet
  error: 2 plat 4 at (26): undeclared identifier 'UnityObjectToClipPos'
  api=4 type=0 insize=1951 outsize=0 kw= ok=0
Cmd: preprocess
  insize=1180 outsize=373 ok=1
Cmd: compileSnippet
  error: 2 plat 4 at (25): undeclared identifier 'UnityObjectToClipPos'
  api=4 type=0 insize=1112 outsize=0 kw= ok=0
Cmd: preprocess
  insize=2495 outsize=837 ok=1
Cmd: compileSnippet
  error: 2 plat 4 at (29): undeclared identifier 'UnityObjectToClipPos'
  api=4 type=0 insize=1929 outsize=0 kw= ok=0
Cmd: preprocess
  insize=966 outsize=361 ok=1
Cmd: compileSnippet
  error: 2 plat 4 at (22): undeclared identifier 'UnityObjectToClipPos'
  api=4 type=0 insize=910 outsize=0 kw= ok=0
Cmd: preprocess
  insize=1397 outsize=448 ok=1
Cmd: compileSnippet
  error: 2 plat 4 at (30): undeclared identifier 'UnityObjectToClipPos'
  api=4 type=0 insize=1250 outsize=0 kw= ok=0
Cmd: preprocess
  insize=1353 outsize=325 ok=1
Cmd: compileSnippet
  api=4 type=0 insize=1333 outsize=1688 kw= ok=1
Cmd: compileSnippet
  api=4 type=1 insize=1333 outsize=965 kw= ok=1
Cmd: preprocess
  insize=1271 outsize=339 ok=1
Cmd: compileSnippet
  error: 2 plat 4 at (17): undeclared identifier 'UnityObjectToClipPos'
  api=4 type=0 insize=1236 outsize=0 kw= ok=0
Cmd: preprocess
  insize=1427 outsize=414 ok=1
Cmd: compileSnippet
  error: 2 plat 4 at (37): undeclared identifier 'UnityObjectToClipPos'
  api=4 type=0 insize=1315 outsize=0 kw= ok=0
Cmd: preprocess
  insize=1270 outsize=388 ok=1
Cmd: compileSnippet
  error: 2 plat 4 at (27): undeclared identifier 'UnityObjectToClipPos'
  api=4 type=0 insize=1187 outsize=0 kw= ok=0
Cmd: preprocess
  insize=2318 outsize=703 ok=1
Cmd: compileSnippet
  error: 2 plat 4 at (42): undeclared identifier 'UnityObjectToClipPos'
  api=4 type=0 insize=1921 outsize=0 kw= ok=0
Cmd: preprocess
  insize=985 outsize=336 ok=1
Cmd: compileSnippet
  error: 2 plat 4 at (30): undeclared identifier 'UnityObjectToClipPos'
  api=4 type=0 insize=951 outsize=0 kw= ok=0
Cmd: preprocess
  insize=636 outsize=302 ok=1
Cmd: compileSnippet
  api=4 type=0 insize=634 outsize=1128 kw= ok=1
Cmd: compileSnippet
  api=4 type=1 insize=634 outsize=1055 kw= ok=1
Cmd: preprocess
  insize=6209 outsize=1060 ok=1
Cmd: compileSnippet
  error: 2 plat 4 at (39): undeclared identifier 'UnityObjectToClipPos'
  api=4 type=0 insize=5393 outsize=0 kw= ok=0
Cmd: preprocess
  insize=32656 outsize=339 ok=1
Cmd: compileSnippet
  error: 2 plat 4 at (811): undeclared identifier 'UnityObjectToClipPos'
  api=4 type=0 insize=32621 outsize=0 kw= ok=0
Cmd: preprocess
  insize=1237 outsize=326 ok=1
Cmd: compileSnippet
  error: 2 plat 4 at (37): undeclared identifier 'UnityObjectToClipPos'
  api=4 type=0 insize=1213 outsize=0 kw= ok=0
Cmd: preprocess
  insize=4385 outsize=588 ok=1
Cmd: compileSnippet
  error: 2 plat 4 at (48): undeclared identifier 'UnityObjectToClipPos'
  api=4 type=0 insize=3983 outsize=0 kw= ok=0
Cmd: preprocess
  insize=1075 outsize=332 ok=1
Cmd: compileSnippet
  error: 2 plat 4 at (36): undeclared identifier 'UnityObjectToClipPos'
  api=4 type=0 insize=1044 outsize=0 kw= ok=0
Cmd: preprocess
  insize=4852 outsize=1866 ok=1
Cmd: compileSnippet
  error: 2 plat 4 at (29): undeclared identifier 'UnityObjectToClipPos'
  api=4 type=0 insize=3195 outsize=0 kw= ok=0
Cmd: preprocess
  insize=12870 outsize=1949 ok=1
Cmd: compileSnippet
  error: 2 plat 4 at (92): undeclared identifier 'UnityObjectToClipPos'
  api=4 type=0 insize=11103 outsize=0 kw= ok=0
Cmd: preprocess
  insize=1046 outsize=417 ok=1
Cmd: compileSnippet
  error: 2 plat 4 at (23): undeclared identifier 'UnityObjectToClipPos'
  api=4 type=0 insize=934 outsize=0 kw= ok=0
Cmd: preprocess
  insize=6106 outsize=815 ok=1
Cmd: compileSnippet
  error: 2 plat 4 at (76): undeclared identifier 'UnityObjectToClipPos'
  api=4 type=0 insize=5293 outsize=0 kw= ok=0
Cmd: preprocess
  insize=2788 outsize=845 ok=1
Cmd: compileSnippet
  error: 2 plat 4 at (25): undeclared identifier 'UnityObjectToClipPos'
  api=4 type=0 insize=2216 outsize=0 kw= ok=0
Cmd: preprocess
  insize=10833 outsize=2618 ok=1
Cmd: compileSnippet
  error: 2 plat 4 at (78): undeclared identifier 'UnityObjectToClipPos'
  api=4 type=0 insize=8456 outsize=0 kw= ok=0
Cmd: preprocess
  insize=12503 outsize=2405 ok=1
Cmd: compileSnippet
  error: 2 plat 4 at (50): undeclared identifier 'UnityObjectToClipPos'
  api=4 type=0 insize=10180 outsize=0 kw= ok=0
Cmd: preprocess
  insize=1992 outsize=523 ok=1
Cmd: compileSnippet
  error: 2 plat 4 at (26): undeclared identifier 'UnityObjectToClipPos'
  api=4 type=0 insize=1746 outsize=0 kw= ok=0
Cmd: preprocess
  insize=1613 outsize=361 ok=1
Cmd: compileSnippet
  error: 2 plat 4 at (26): undeclared identifier 'UnityObjectToClipPos'
  api=4 type=0 insize=1557 outsize=0 kw= ok=0
Cmd: preprocess
  insize=24048 outsize=4222 ok=1
Cmd: compileSnippet
  error: 2 plat 4 at (46): undeclared identifier 'UnityObjectToClipPos'
  api=4 type=0 insize=19210 outsize=0 kw= ok=0
Cmd: preprocess
  insize=4021 outsize=616 ok=1
Cmd: compileSnippet
  error: 2 plat 4 at (51): undeclared identifier 'UnityObjectToClipPos'
  api=4 type=0 insize=3712 outsize=0 kw= ok=0
Cmd: preprocess
  insize=1758 outsize=364 ok=1
Cmd: compileSnippet
  error: 2 plat 4 at (33): undeclared identifier 'UnityObjectToClipPos'
  api=4 type=0 insize=1696 outsize=0 kw= ok=0
Cmd: preprocess
  insize=1048 outsize=417 ok=1
Cmd: compileSnippet
  error: 2 plat 4 at (37): undeclared identifier 'UnityObjectToClipPos'
  api=4 type=0 insize=933 outsize=0 kw= ok=0
Cmd: preprocess
  insize=1165 outsize=490 ok=1
Cmd: compileSnippet
  error: 2 plat 4 at (24): undeclared identifier 'UnityObjectToClipPos'
  api=4 type=0 insize=950 outsize=0 kw= ok=0
Cmd: preprocess
  insize=673 outsize=248 ok=1
Cmd: compileSnippet
  api=4 type=0 insize=724 outsize=1128 kw= ok=1
Cmd: compileSnippet
  api=4 type=1 insize=724 outsize=819 kw= ok=1
Cmd: preprocess
  insize=5646 outsize=938 ok=1
Cmd: compileSnippet
  error: 2 plat 4 at (38): undeclared identifier 'UnityObjectToClipPos'
  api=4 type=0 insize=4894 outsize=0 kw= ok=0
Cmd: preprocess
  insize=5251 outsize=821 ok=1
Cmd: compileSnippet
  error: 2 plat 4 at (45): undeclared identifier 'UnityObjectToClipPos'
  api=4 type=0 insize=4601 outsize=0 kw= ok=0
Cmd: preprocess
  insize=520 outsize=341 ok=1
Cmd: compileSnippet
  api=4 type=0 insize=481 outsize=1128 kw= ok=1
Cmd: compileSnippet
  api=4 type=1 insize=481 outsize=868 kw= ok=1
Cmd: preprocess
  insize=6497 outsize=990 ok=1
Cmd: compileSnippet
  error: 2 plat 4 at (35): undeclared identifier 'UnityObjectToClipPos'
  api=4 type=0 insize=5581 outsize=0 kw= ok=0
Cmd: preprocess
  insize=32666 outsize=339 ok=1
Cmd: compileSnippet
  error: 2 plat 4 at (810): undeclared identifier 'UnityObjectToClipPos'
  api=4 type=0 insize=32631 outsize=0 kw= ok=0
Cmd: preprocess
  insize=5258 outsize=1805 ok=1
Cmd: compileSnippet
  error: 2 plat 4 at (69): undeclared identifier 'UnityObjectToClipPos'
  api=4 type=0 insize=3757 outsize=0 kw= ok=0
Cmd: preprocess
  insize=6820 outsize=320 ok=1
Cmd: compileSnippet
  error: 2 plat 4 at (172): undeclared identifier 'UnityObjectToClipPos'
  api=4 type=0 insize=6804 outsize=0 kw= ok=0
Cmd: preprocess
  insize=4393 outsize=502 ok=1
Cmd: compileSnippet
  error: 2 plat 4 at (27): undeclared identifier 'UnityObjectToClipPos'
  api=4 type=0 insize=4144 outsize=0 kw= ok=0
Cmd: preprocess
  insize=4690 outsize=972 ok=1
Cmd: compileSnippet
  error: 2 plat 4 at (44): undeclared identifier 'UnityObjectToClipPos'
  api=4 type=0 insize=3941 outsize=0 kw= ok=0
Cmd: preprocess
  insize=5800 outsize=1303 ok=1
Cmd: compileSnippet
  error: 2 plat 4 at (164): undeclared identifier 'UnityObjectToClipPos'
  api=4 type=0 insize=4248 outsize=0 kw= ok=0
Cmd: preprocess
  insize=799 outsize=370 ok=1
Cmd: compileSnippet
  error: 2 plat 4 at (36): undeclared identifier 'UnityObjectToClipPos'
  api=4 type=0 insize=731 outsize=0 kw= ok=0
Cmd: preprocess
  insize=656 outsize=299 ok=1
Cmd: compileSnippet
  api=4 type=0 insize=657 outsize=1128 kw= ok=1
Cmd: compileSnippet
  api=4 type=1 insize=657 outsize=1047 kw= ok=1
Cmd: preprocess
  insize=3777 outsize=714 ok=1
Cmd: compileSnippet
  error: 2 plat 4 at (35): undeclared identifier 'UnityObjectToClipPos'
  api=4 type=0 insize=3275 outsize=0 kw= ok=0
Cmd: preprocess
  insize=882 outsize=359 ok=1
Cmd: compileSnippet
  error: 2 plat 4 at (22): undeclared identifier 'UnityObjectToClipPos'
  api=4 type=0 insize=827 outsize=0 kw= ok=0
Cmd: preprocess
  insize=1348 outsize=356 ok=1
Cmd: compileSnippet
  error: 2 plat 4 at (26): undeclared identifier 'UnityObjectToClipPos'
  api=4 type=0 insize=1297 outsize=0 kw= ok=0
Cmd: preprocess
  insize=2097 outsize=1031 ok=1
Cmd: compileSnippet
  error: 2 plat 4 at (41): undeclared identifier 'UnityObjectToClipPos'
  api=4 type=0 insize=858 outsize=0 kw= ok=0
Cmd: preprocess
  insize=5178 outsize=784 ok=1
Cmd: compileSnippet
  error: 2 plat 4 at (54): undeclared identifier 'UnityObjectToClipPos'
  api=4 type=0 insize=4657 outsize=0 kw= ok=0
Cmd: preprocess
  insize=1100 outsize=554 ok=1
Cmd: compileSnippet
  error: 2 plat 4 at (34): undeclared identifier 'UnityObjectToClipPos'
  api=4 type=0 insize=848 outsize=0 kw= ok=0
Cmd: preprocess
  insize=1222 outsize=448 ok=1
Cmd: compileSnippet
  error: 2 plat 4 at (28): undeclared identifier 'UnityObjectToClipPos'
  api=4 type=0 insize=1080 outsize=0 kw= ok=0
Cmd: preprocess
  insize=595 outsize=325 ok=1
Cmd: compileSnippet
  error: 2 plat 4 at (29): undeclared identifier 'UnityObjectToClipPos'
  api=4 type=0 insize=572 outsize=0 kw= ok=0
Cmd: preprocess
  insize=733 outsize=374 ok=1
Cmd: compileSnippet
  error: 2 plat 4 at (21): undeclared identifier 'UnityObjectToClipPos'
  api=4 type=0 insize=664 outsize=0 kw= ok=0
Cmd: preprocess
  insize=5085 outsize=950 ok=1
Cmd: compileSnippet
  error: 2 plat 4 at (32): undeclared identifier 'UnityObjectToClipPos'
  api=4 type=0 insize=4385 outsize=0 kw= ok=0
Unhandled exception: Readfile from pipe failed. GLE=The pipe has been ended.


Quitting shader compiler process
